[debug] [2024-10-30T02:02:17.257Z] ----------------------------------------------------------------------
[debug] [2024-10-30T02:02:17.259Z] Command:       /home/mvn/.nvm/versions/node/v20.12.2/bin/node /home/mvn/.nvm/versions/node/v20.12.2/bin/firebase deploy
[debug] [2024-10-30T02:02:17.259Z] CLI Version:   13.22.0
[debug] [2024-10-30T02:02:17.259Z] Platform:      linux
[debug] [2024-10-30T02:02:17.260Z] Node Version:  v20.12.2
[debug] [2024-10-30T02:02:17.260Z] Time:          Tue Oct 29 2024 22:02:17 GMT-0400 (Eastern Daylight Time)
[debug] [2024-10-30T02:02:17.260Z] ----------------------------------------------------------------------
[debug] 
[debug] [2024-10-30T02:02:17.337Z] > command requires scopes: ["email","openid","https://www.googleapis.com/auth/cloudplatformprojects.readonly","https://www.googleapis.com/auth/firebase","https://www.googleapis.com/auth/cloud-platform"]
[debug] [2024-10-30T02:02:17.337Z] > authorizing via signed-in user (mvn_14@outlook.com)
[debug] [2024-10-30T02:02:17.337Z] [iam] checking project mnogueira-1b0a1 for permissions ["firebase.projects.get","firebasehosting.sites.update"]
[debug] [2024-10-30T02:02:17.338Z] Checked if tokens are valid: true, expires at: 1730256930817
[debug] [2024-10-30T02:02:17.339Z] Checked if tokens are valid: true, expires at: 1730256930817
[debug] [2024-10-30T02:02:17.339Z] >>> [apiv2][query] POST https://cloudresourcemanager.googleapis.com/v1/projects/mnogueira-1b0a1:testIamPermissions [none]
[debug] [2024-10-30T02:02:17.340Z] >>> [apiv2][(partial)header] POST https://cloudresourcemanager.googleapis.com/v1/projects/mnogueira-1b0a1:testIamPermissions x-goog-quota-user=projects/mnogueira-1b0a1
[debug] [2024-10-30T02:02:17.340Z] >>> [apiv2][body] POST https://cloudresourcemanager.googleapis.com/v1/projects/mnogueira-1b0a1:testIamPermissions {"permissions":["firebase.projects.get","firebasehosting.sites.update"]}
[debug] [2024-10-30T02:02:17.748Z] <<< [apiv2][status] POST https://cloudresourcemanager.googleapis.com/v1/projects/mnogueira-1b0a1:testIamPermissions 200
[debug] [2024-10-30T02:02:17.748Z] <<< [apiv2][body] POST https://cloudresourcemanager.googleapis.com/v1/projects/mnogueira-1b0a1:testIamPermissions {"permissions":["firebase.projects.get","firebasehosting.sites.update"]}
[debug] [2024-10-30T02:02:17.749Z] Checked if tokens are valid: true, expires at: 1730256930817
[debug] [2024-10-30T02:02:17.749Z] Checked if tokens are valid: true, expires at: 1730256930817
[debug] [2024-10-30T02:02:17.749Z] >>> [apiv2][query] GET https://firebase.googleapis.com/v1beta1/projects/mnogueira-1b0a1 [none]
[debug] [2024-10-30T02:02:18.150Z] <<< [apiv2][status] GET https://firebase.googleapis.com/v1beta1/projects/mnogueira-1b0a1 200
[debug] [2024-10-30T02:02:18.150Z] <<< [apiv2][body] GET https://firebase.googleapis.com/v1beta1/projects/mnogueira-1b0a1 {"projectId":"mnogueira-1b0a1","projectNumber":"280677184939","displayName":"mnogueira","name":"projects/mnogueira-1b0a1","resources":{"hostingSite":"mnogueira-1b0a1"},"state":"ACTIVE","etag":"1_142ca1a9-17cc-443b-8647-5a1e78d7bec5"}
[debug] [2024-10-30T02:02:19.379Z] Checked if tokens are valid: true, expires at: 1730256930817
[debug] [2024-10-30T02:02:19.379Z] Checked if tokens are valid: true, expires at: 1730256930817
[debug] [2024-10-30T02:02:19.380Z] >>> [apiv2][query] GET https://firebasehosting.googleapis.com/v1beta1/projects/mnogueira-1b0a1/sites pageToken=&pageSize=10
[debug] [2024-10-30T02:02:19.802Z] <<< [apiv2][status] GET https://firebasehosting.googleapis.com/v1beta1/projects/mnogueira-1b0a1/sites 200
[debug] [2024-10-30T02:02:19.802Z] <<< [apiv2][body] GET https://firebasehosting.googleapis.com/v1beta1/projects/mnogueira-1b0a1/sites {"sites":[{"name":"projects/mnogueira-1b0a1/sites/mnogueira-1b0a1","defaultUrl":"https://mnogueira-1b0a1.web.app","appId":"1:280677184939:web:3e0380c770e9690ec6ceee","type":"DEFAULT_SITE"}]}
[debug] [2024-10-30T02:02:19.803Z] Checked if tokens are valid: true, expires at: 1730256930817
[debug] [2024-10-30T02:02:19.803Z] Checked if tokens are valid: true, expires at: 1730256930817
[debug] [2024-10-30T02:02:19.803Z] >>> [apiv2][query] GET https://firebase.googleapis.com/v1beta1/projects/-/webApps/1:280677184939:web:3e0380c770e9690ec6ceee/config [none]
[debug] [2024-10-30T02:02:20.409Z] <<< [apiv2][status] GET https://firebase.googleapis.com/v1beta1/projects/-/webApps/1:280677184939:web:3e0380c770e9690ec6ceee/config 200
[debug] [2024-10-30T02:02:20.409Z] <<< [apiv2][body] GET https://firebase.googleapis.com/v1beta1/projects/-/webApps/1:280677184939:web:3e0380c770e9690ec6ceee/config {"projectId":"mnogueira-1b0a1","appId":"1:280677184939:web:3e0380c770e9690ec6ceee","storageBucket":"mnogueira-1b0a1.appspot.com","apiKey":"AIzaSyCqRRnvTrz5DD5DWIKheOB5IeMm2agfKeM","authDomain":"mnogueira-1b0a1.firebaseapp.com","messagingSenderId":"280677184939","measurementId":"G-28H8QCKLDV"}
[info] 
   Thank you for trying our experimental support for SvelteKit on Firebase Hosting.
   While this integration is maintained by Googlers it is not a supported Firebase product.
   Issues filed on GitHub will be addressed on a best-effort basis by maintainers and other community members.

   Documentation: https://firebase.google.com/docs/hosting/frameworks/frameworks-overview
   File a bug: https://github.com/firebase/firebase-tools/issues/new?template=bug_report.md
   Submit a feature request: https://github.com/firebase/firebase-tools/issues/new?template=feature_request.md

   We'd love to learn from you. Express your interest in helping us shape the future of Firebase Hosting: https://goo.gle/41enW5X

[debug] [2024-10-30T02:02:29.094Z] Error: Command failed: npm i --omit dev --no-audit
    at genericNodeError (node:internal/errors:984:15)
    at wrappedFn (node:internal/errors:538:14)
    at checkExecSyncError (node:child_process:890:11)
    at execSync (node:child_process:962:15)
    at prepareFrameworks (/home/mvn/.nvm/versions/node/v20.12.2/lib/node_modules/firebase-tools/lib/frameworks/index.js:371:42)
    at async deploy (/home/mvn/.nvm/versions/node/v20.12.2/lib/node_modules/firebase-tools/lib/deploy/index.js:58:13)
[error] 
[error] Error: An unexpected error has occurred.
